<?xml version="1.0" encoding="UTF-8"?>
<!-- Generated by org.testng.reporters.JUnitReportReporter -->
<testsuite skipped="0" hostname="SBWL-NKANAMADI" name="Demo.TestNG_Demo" tests="6" failures="0" timestamp="25 Mar 2020 07:17:29 GMT" time="29.738" errors="0">
  <testcase name="Test01_launchPage" time="13.622" classname="Demo.TestNG_Demo"/>
  <testcase name="Test02_ApplyFilter" time="1.397" classname="Demo.TestNG_Demo"/>
  <testcase name="Test03_VerifyAppliedFilter" time="3.464" classname="Demo.TestNG_Demo"/>
  <testcase name="Test04_PriceDescendingOrder" time="0.855" classname="Demo.TestNG_Demo"/>
  <testcase name="Test05_filteredByRegistration" time="10.224" classname="Demo.TestNG_Demo"/>
  <testcase name="Test06_GetPrice" time="0.176" classname="Demo.TestNG_Demo"/>
</testsuite> <!-- Demo.TestNG_Demo -->
