<?xml version="1.0" encoding="UTF-8"?>
<!-- Generated by org.testng.reporters.JUnitReportReporter -->
<testsuite skipped="0" hostname="SBWL-NKANAMADI" name="testcases.TestNG_Demo" tests="6" failures="0" timestamp="26 Mar 2020 07:19:07 GMT" time="22.265" errors="0">
  <testcase name="Test01_launchPage" time="11.719" classname="testcases.TestNG_Demo"/>
  <testcase name="Test02_ApplyFilterFromYear" time="0.796" classname="testcases.TestNG_Demo"/>
  <testcase name="Test03_VerifyAppliedFilter" time="3.267" classname="testcases.TestNG_Demo"/>
  <testcase name="Test04_PriceDescendingOrder" time="0.655" classname="testcases.TestNG_Demo"/>
  <testcase name="Test05_VerifyCarFilteredByFirstRegistration" time="5.408" classname="testcases.TestNG_Demo"/>
  <testcase name="Test06_VerifyCarSortedByPriceDescending" time="0.420" classname="testcases.TestNG_Demo"/>
</testsuite> <!-- testcases.TestNG_Demo -->
